2025-08-14 15:40:18,111 - INFO - 开始检查数据更新...
2025-08-14 15:40:18,111 - INFO - 本地全国数据: 18 个月份
2025-08-14 15:40:18,111 - INFO - 本地浙江省数据: 18 个月份
2025-08-14 15:40:18,111 - INFO - 需要检查的全国数据月份: []
2025-08-14 15:40:18,111 - INFO - 需要检查的浙江省数据月份: []
2025-08-14 15:40:18,111 - INFO - 当前已是最新数据，无可更新数据
2025-08-14 15:42:46,548 - INFO - 开始检查数据更新...
2025-08-14 15:42:46,548 - INFO - 本地全国数据: 18 个月份
2025-08-14 15:42:46,548 - INFO - 本地浙江省数据: 18 个月份
2025-08-14 15:42:46,548 - INFO - 需要检查的全国数据月份: []
2025-08-14 15:42:46,548 - INFO - 需要检查的浙江省数据月份: []
2025-08-14 15:42:46,548 - INFO - 当前已是最新数据，无可更新数据
2025-08-14 15:43:03,689 - INFO - 开始检查数据更新...
2025-08-14 15:43:03,689 - INFO - 本地全国数据: 18 个月份
2025-08-14 15:43:03,689 - INFO - 本地浙江省数据: 18 个月份
2025-08-14 15:43:03,689 - INFO - 需要检查的全国数据月份: []
2025-08-14 15:43:03,689 - INFO - 需要检查的浙江省数据月份: []
2025-08-14 15:43:03,689 - INFO - 当前已是最新数据，无可更新数据
2025-08-14 15:49:18,083 - INFO - 开始检查数据更新...
2025-08-14 15:49:18,083 - INFO - 本地全国数据: 18 个月份
2025-08-14 15:49:18,083 - INFO - 本地浙江省数据: 18 个月份
2025-08-14 15:49:18,083 - INFO - 需要检查的全国数据月份: [(2025, 7)]
2025-08-14 15:49:18,083 - INFO - 需要检查的浙江省数据月份: [(2025, 7)]
2025-08-14 15:49:18,083 - INFO - 检查全国 2025年7月 数据...
2025-08-14 15:49:28,106 - INFO - 全国 2025年7月 数据暂未发布
2025-08-14 15:49:28,106 - INFO - 检查浙江省 2025年7月 数据...
2025-08-14 15:49:28,106 - INFO - 浙江省 2025年7月 数据暂未发布
2025-08-14 15:49:28,106 - INFO - 当前已是最新数据，无可更新数据
2025-08-14 15:49:41,650 - INFO - 开始检查数据更新...
2025-08-14 15:49:41,650 - INFO - 本地全国数据: 18 个月份
2025-08-14 15:49:41,650 - INFO - 本地浙江省数据: 18 个月份
2025-08-14 15:49:41,650 - INFO - 需要检查的全国数据月份: [(2025, 7)]
2025-08-14 15:49:41,650 - INFO - 需要检查的浙江省数据月份: [(2025, 7)]
2025-08-14 15:49:41,650 - INFO - 检查全国 2025年7月 数据...
2025-08-14 15:49:51,750 - INFO - 全国 2025年7月 数据暂未发布
2025-08-14 15:49:51,750 - INFO - 检查浙江省 2025年7月 数据...
2025-08-14 15:49:51,750 - INFO - 浙江省 2025年7月 数据暂未发布
2025-08-14 15:49:51,750 - INFO - 当前已是最新数据，无可更新数据
2025-08-14 15:58:35,573 - INFO - 开始检查数据更新...
2025-08-14 15:58:35,575 - INFO - 本地全国数据: 18 个月份
2025-08-14 15:58:35,575 - INFO - 本地浙江省数据: 18 个月份
2025-08-14 15:58:35,575 - INFO - 需要检查的全国数据月份: [(2025, 7)]
2025-08-14 15:58:35,575 - INFO - 需要检查的浙江省数据月份: [(2025, 7)]
2025-08-14 15:58:35,575 - INFO - 检查全国 2025年7月 数据...
2025-08-14 15:58:45,054 - INFO - 全国 2025年7月 数据暂未发布
2025-08-14 15:58:45,054 - INFO - 检查浙江省 2025年7月 数据...
2025-08-14 15:58:45,054 - INFO - 配置中没有2025年七月数据，尝试动态发现...
2025-08-14 15:58:45,054 - INFO - 动态发现杭州海关 2025年 的数据结构...
2025-08-14 15:58:53,789 - INFO - 未找到2025年的链接
2025-08-14 15:58:54,071 - INFO - 动态检查未发现2025年7月的浙江省数据
2025-08-14 15:58:54,071 - INFO - 浙江省 2025年7月 数据暂未发布
2025-08-14 15:58:54,071 - INFO - 当前已是最新数据，无可更新数据
2025-08-14 15:59:34,053 - INFO - 开始检查数据更新...
2025-08-14 15:59:34,069 - INFO - 本地全国数据: 18 个月份
2025-08-14 15:59:34,070 - INFO - 本地浙江省数据: 18 个月份
2025-08-14 15:59:34,070 - INFO - 需要检查的全国数据月份: [(2025, 7)]
2025-08-14 15:59:34,070 - INFO - 需要检查的浙江省数据月份: [(2025, 7)]
2025-08-14 15:59:34,070 - INFO - 检查全国 2025年7月 数据...
2025-08-14 15:59:44,240 - INFO - 全国 2025年7月 数据暂未发布
2025-08-14 15:59:44,240 - INFO - 检查浙江省 2025年7月 数据...
2025-08-14 15:59:44,240 - INFO - 配置中没有2025年七月数据，尝试动态发现...
2025-08-14 15:59:44,240 - INFO - 动态发现杭州海关 2025年 的数据结构...
2025-08-14 15:59:53,747 - INFO - 未找到2025年的链接
2025-08-14 15:59:53,985 - INFO - 动态检查未发现2025年7月的浙江省数据
2025-08-14 15:59:53,985 - INFO - 浙江省 2025年7月 数据暂未发布
2025-08-14 15:59:53,985 - INFO - 当前已是最新数据，无可更新数据
2025-08-14 16:03:17,782 - INFO - 开始检查数据更新...
2025-08-14 16:03:17,782 - INFO - 本地全国数据: 18 个月份
2025-08-14 16:03:17,782 - INFO - 本地浙江省数据: 18 个月份
2025-08-14 16:03:17,782 - INFO - 需要检查的全国数据月份: [(2025, 7)]
2025-08-14 16:03:17,782 - INFO - 需要检查的浙江省数据月份: [(2025, 7)]
2025-08-14 16:03:17,782 - INFO - 检查全国 2025年7月 数据...
2025-08-14 16:03:27,383 - INFO - 全国 2025年7月 数据暂未发布
2025-08-14 16:03:27,383 - INFO - 检查浙江省 2025年7月 数据...
2025-08-14 16:03:27,383 - INFO - 配置中没有2025年七月数据，尝试动态发现...
2025-08-14 16:03:27,383 - INFO - 动态发现杭州海关 2025年 的数据结构...
2025-08-14 16:03:37,717 - INFO - 未找到2025年的链接
2025-08-14 16:03:38,034 - INFO - 动态检查未发现2025年7月的浙江省数据
2025-08-14 16:03:38,034 - INFO - 浙江省 2025年7月 数据暂未发布
2025-08-14 16:03:38,034 - INFO - 当前已是最新数据，无可更新数据
2025-08-14 16:05:29,307 - INFO - 开始检查数据更新...
2025-08-14 16:05:29,310 - INFO - 本地全国数据: 18 个月份
2025-08-14 16:05:29,310 - INFO - 本地浙江省数据: 18 个月份
2025-08-14 16:05:29,310 - INFO - 需要检查的全国数据月份: [(2025, 7)]
2025-08-14 16:05:29,310 - INFO - 需要检查的浙江省数据月份: [(2025, 7)]
2025-08-14 16:05:29,310 - INFO - 检查全国 2025年7月 数据...
2025-08-14 16:05:38,311 - INFO - 全国 2025年7月 数据暂未发布
2025-08-14 16:05:38,311 - INFO - 检查浙江省 2025年7月 数据...
2025-08-14 16:05:38,311 - INFO - 配置中没有2025年七月数据，尝试动态发现...
2025-08-14 16:05:38,311 - INFO - 动态发现杭州海关 2025年 的数据结构...
2025-08-14 16:05:49,668 - INFO - 未找到2025年的链接
2025-08-14 16:05:50,001 - INFO - 动态检查未发现2025年7月的浙江省数据
2025-08-14 16:05:50,001 - INFO - 浙江省 2025年7月 数据暂未发布
2025-08-14 16:05:50,001 - INFO - 当前已是最新数据，无可更新数据
2025-08-22 11:54:55,517 - INFO - 开始检查数据更新...
2025-08-22 11:54:55,519 - INFO - 本地全国数据: 18 个月份
2025-08-22 11:54:55,519 - INFO - 本地浙江省数据: 18 个月份
2025-08-22 11:54:55,519 - INFO - 需要检查的全国数据月份: [(2025, 7)]
2025-08-22 11:54:55,519 - INFO - 需要检查的浙江省数据月份: [(2025, 7)]
2025-08-22 11:54:55,519 - INFO - 检查全国 2025年7月 数据...
2025-08-22 11:55:28,765 - INFO - 全国 2025年7月 数据暂未发布
2025-08-22 11:55:28,765 - INFO - 检查浙江省 2025年7月 数据...
2025-08-22 11:55:28,765 - INFO - 配置中没有2025年七月数据，尝试动态发现...
2025-08-22 11:55:28,765 - INFO - 动态发现杭州海关 2025年 的数据结构...
2025-08-22 11:55:42,994 - INFO - 未找到2025年的链接
2025-08-22 11:55:43,541 - INFO - 动态检查未发现2025年7月的浙江省数据
2025-08-22 11:55:43,541 - INFO - 浙江省 2025年7月 数据暂未发布
2025-08-22 11:55:43,541 - INFO - 当前已是最新数据，无可更新数据
2025-08-22 11:56:34,847 - INFO - 开始检查数据更新...
2025-08-22 11:56:34,847 - INFO - 本地全国数据: 18 个月份
2025-08-22 11:56:34,853 - INFO - 本地浙江省数据: 18 个月份
2025-08-22 11:56:34,853 - INFO - 需要检查的全国数据月份: [(2025, 7)]
2025-08-22 11:56:34,858 - INFO - 需要检查的浙江省数据月份: [(2025, 7)]
2025-08-22 11:56:34,858 - INFO - 检查全国 2025年7月 数据...
2025-08-22 11:57:06,393 - INFO - 全国 2025年7月 数据暂未发布
2025-08-22 11:57:06,393 - INFO - 检查浙江省 2025年7月 数据...
2025-08-22 11:57:06,393 - INFO - 配置中没有2025年七月数据，尝试动态发现...
2025-08-22 11:57:06,393 - INFO - 动态发现杭州海关 2025年 的数据结构...
2025-08-22 11:57:17,144 - INFO - 未找到2025年的链接
2025-08-22 11:57:17,594 - INFO - 动态检查未发现2025年7月的浙江省数据
2025-08-22 11:57:17,594 - INFO - 浙江省 2025年7月 数据暂未发布
2025-08-22 11:57:17,594 - INFO - 当前已是最新数据，无可更新数据
2025-08-22 13:06:36,936 - INFO - 开始检查数据更新...
2025-08-22 13:06:36,936 - INFO - 本地全国数据: 18 个月份
2025-08-22 13:06:36,936 - INFO - 本地浙江省数据: 18 个月份
2025-08-22 13:06:36,936 - INFO - 需要检查的全国数据月份: [(2025, 7)]
2025-08-22 13:06:36,936 - INFO - 需要检查的浙江省数据月份: [(2025, 7)]
2025-08-22 13:06:36,936 - INFO - 检查全国 2025年7月 数据...
2025-08-22 13:06:59,848 - INFO - 全国月份链接文本: ['1月', '2月', '3月', '4月', '5月', '6月', '7月']
2025-08-22 13:07:00,335 - INFO - 下载全国 2025年7月 数据...
2025-08-22 13:07:21,073 - INFO - 全国数据已保存至: raw_csv_data\2025-07.csv
2025-08-22 13:07:21,596 - INFO - ✅ 成功下载全国 2025年7月 数据
2025-08-22 13:07:21,596 - INFO - 检查浙江省 2025年7月 数据...
2025-08-22 13:07:21,596 - INFO - 配置中没有2025年七月数据，尝试动态发现...
2025-08-22 13:07:21,596 - INFO - 动态发现杭州海关 2025年 的数据结构...
2025-08-22 13:07:35,623 - INFO - 未找到2025年的链接
2025-08-22 13:07:36,100 - INFO - 动态检查未发现2025年7月的浙江省数据
2025-08-22 13:07:36,100 - INFO - 浙江省 2025年7月 数据暂未发布
2025-08-22 13:07:36,100 - INFO - 开始更新Excel文件...
2025-08-22 13:07:37,712 - INFO - Excel文件已更新: 海关统计数据汇总.xlsx
2025-08-22 13:07:37,712 - INFO - 发现新数据并已更新: 全国数据: 2025年7月
2025-08-28 16:44:37,678 - INFO - 开始检查数据更新...
2025-08-28 16:44:37,678 - INFO - 本地全国数据: 19 个月份
2025-08-28 16:44:37,678 - INFO - 本地浙江省数据: 18 个月份
2025-08-28 16:44:37,685 - INFO - 需要检查的全国数据月份: []
2025-08-28 16:44:37,685 - INFO - 需要检查的浙江省数据月份: [(2025, 7)]
2025-08-28 16:44:37,685 - INFO - 检查浙江省 2025年7月 数据...
2025-08-28 16:44:37,685 - INFO - 使用配置中的2025年七月数据
2025-08-28 16:44:55,553 - INFO - 下载浙江省 2025年7月 数据...
2025-08-28 16:44:55,553 - INFO - 使用配置下载2025年七月数据
2025-08-28 16:45:17,815 - INFO - 浙江省数据已保存至: raw_csv_data\浙江省-2025-07.csv
2025-08-28 16:45:18,266 - INFO - ✅ 成功下载浙江省 2025年7月 数据
2025-08-28 16:45:18,266 - INFO - 开始更新Excel文件...
2025-08-28 16:45:18,634 - ERROR - 更新Excel文件失败: [Errno 13] Permission denied: '海关统计数据汇总.xlsx'
2025-08-28 16:45:18,634 - INFO - 发现新数据并已更新: 浙江省数据: 2025年7月
2025-08-28 16:47:05,354 - INFO - 开始检查数据更新...
2025-08-28 16:47:05,355 - INFO - 本地全国数据: 19 个月份
2025-08-28 16:47:05,357 - INFO - 本地浙江省数据: 19 个月份
2025-08-28 16:47:05,357 - INFO - 需要检查的全国数据月份: []
2025-08-28 16:47:05,357 - INFO - 需要检查的浙江省数据月份: []
2025-08-28 16:47:05,357 - INFO - 当前已是最新数据，无可更新数据
2025-08-28 16:47:33,072 - INFO - 开始检查数据更新...
2025-08-28 16:47:33,072 - INFO - 本地全国数据: 19 个月份
2025-08-28 16:47:33,077 - INFO - 本地浙江省数据: 18 个月份
2025-08-28 16:47:33,077 - INFO - 需要检查的全国数据月份: []
2025-08-28 16:47:33,077 - INFO - 需要检查的浙江省数据月份: [(2025, 7)]
2025-08-28 16:47:33,077 - INFO - 检查浙江省 2025年7月 数据...
2025-08-28 16:47:33,077 - INFO - 使用配置中的2025年七月数据
2025-08-28 16:48:00,213 - INFO - 下载浙江省 2025年7月 数据...
2025-08-28 16:48:00,213 - INFO - 使用配置下载2025年七月数据
2025-08-28 16:48:22,306 - INFO - 浙江省数据已保存至: raw_csv_data\浙江省-2025-07.csv
2025-08-28 16:48:22,683 - INFO - ✅ 成功下载浙江省 2025年7月 数据
2025-08-28 16:48:22,683 - INFO - 开始更新Excel文件...
2025-08-28 16:48:23,293 - INFO - Excel文件已更新: 海关统计数据汇总.xlsx
2025-08-28 16:48:23,293 - INFO - 发现新数据并已更新: 浙江省数据: 2025年7月
2025-09-05 10:26:24,599 - INFO - 开始检查数据更新...
2025-09-05 10:26:24,601 - INFO - 本地全国数据: 19 个月份
2025-09-05 10:26:24,601 - INFO - 本地浙江省数据: 19 个月份
2025-09-05 10:26:24,601 - INFO - 需要检查的全国数据月份: [(2025, 8)]
2025-09-05 10:26:24,602 - INFO - 需要检查的浙江省数据月份: [(2025, 8)]
2025-09-05 10:26:24,602 - INFO - 检查全国 2025年8月 数据...
2025-09-05 10:26:35,130 - INFO - 全国月份链接文本: ['1月', '2月', '3月', '4月', '5月', '6月', '7月']
2025-09-05 10:26:35,524 - INFO - 全国 2025年8月 数据暂未发布
2025-09-05 10:26:47,134 - INFO - 杭州海关 2025 年可用月份：一月01, 二月02, 三月03, 四月04, 五月05, 六月06, 七月07
2025-09-05 10:26:47,615 - INFO - 浙江省本年度暂无新增可下载月份或均已存在
2025-09-05 10:26:47,615 - INFO - 当前已是最新数据，无可更新数据
2025-09-05 15:02:20,393 - INFO - 开始检查数据更新...
2025-09-05 15:02:20,395 - INFO - 本地全国数据: 19 个月份
2025-09-05 15:02:20,395 - INFO - 本地浙江省数据: 19 个月份
2025-09-05 15:02:20,395 - INFO - 需要检查的全国数据月份: [(2025, 8)]
2025-09-05 15:02:20,395 - INFO - 需要检查的浙江省数据月份: [(2025, 8)]
2025-09-05 15:02:20,396 - INFO - 检查全国 2025年8月 数据...
2025-09-05 15:02:34,036 - INFO - 全国月份链接文本: ['1月', '2月', '3月', '4月', '5月', '6月', '7月']
2025-09-05 15:02:34,346 - INFO - 全国 2025年8月 数据暂未发布
2025-09-05 15:02:47,144 - INFO - 杭州海关 2025 年可用月份：一月01, 二月02, 三月03, 四月04, 五月05, 六月06, 七月07
2025-09-05 15:02:47,447 - INFO - 浙江省本年度暂无新增可下载月份或均已存在
2025-09-05 15:02:47,449 - INFO - 当前已是最新数据，无可更新数据
